<?xml version="1.0" encoding="UTF-8"?>
<testng-results ignored="0" total="6" passed="6" failed="0" skipped="0">
  <reporter-output>
  </reporter-output>
  <suite started-at="2021-12-08T09:02:50 IST" name="Default suite" finished-at="2021-12-08T09:03:17 IST" duration-ms="26950">
    <groups>
    </groups>
    <test started-at="2021-12-08T09:02:50 IST" name="Default test" finished-at="2021-12-08T09:03:17 IST" duration-ms="26950">
      <class name="caal.CalcuTestng">
        <test-method signature="Open()[pri:1, instance:caal.CalcuTestng@2f4854d6]" started-at="2021-12-08T09:02:50 IST" name="Open" finished-at="2021-12-08T09:02:56 IST" duration-ms="5496" status="PASS">
          <reporter-output>
          </reporter-output>
        </test-method> <!-- Open -->
        <test-method signature="Geturl()[pri:2, instance:caal.CalcuTestng@2f4854d6]" started-at="2021-12-08T09:02:56 IST" name="Geturl" finished-at="2021-12-08T09:02:58 IST" duration-ms="2075" status="PASS">
          <reporter-output>
          </reporter-output>
        </test-method> <!-- Geturl -->
        <test-method signature="Multiplication()[pri:3, instance:caal.CalcuTestng@2f4854d6]" started-at="2021-12-08T09:02:58 IST" name="Multiplication" finished-at="2021-12-08T09:03:02 IST" duration-ms="4523" status="PASS">
          <reporter-output>
          </reporter-output>
        </test-method> <!-- Multiplication -->
        <test-method signature="Division()[pri:4, instance:caal.CalcuTestng@2f4854d6]" started-at="2021-12-08T09:03:02 IST" name="Division" finished-at="2021-12-08T09:03:07 IST" duration-ms="4510" status="PASS">
          <reporter-output>
          </reporter-output>
        </test-method> <!-- Division -->
        <test-method signature="Addition()[pri:5, instance:caal.CalcuTestng@2f4854d6]" started-at="2021-12-08T09:03:07 IST" name="Addition" finished-at="2021-12-08T09:03:12 IST" duration-ms="4823" status="PASS">
          <reporter-output>
          </reporter-output>
        </test-method> <!-- Addition -->
        <test-method signature="Subtraction()[pri:6, instance:caal.CalcuTestng@2f4854d6]" started-at="2021-12-08T09:03:12 IST" name="Subtraction" finished-at="2021-12-08T09:03:17 IST" duration-ms="5319" status="PASS">
          <reporter-output>
          </reporter-output>
        </test-method> <!-- Subtraction -->
      </class> <!-- caal.CalcuTestng -->
    </test> <!-- Default test -->
  </suite> <!-- Default suite -->
</testng-results>
