<?xml version="1.0" encoding="UTF-8"?>
<!-- Generated by org.testng.reporters.JUnitXMLReporter -->
<testsuite ignored="0" hostname="DESKTOP-175N5CK" failures="0" tests="6" name="Default test" time="68.571" errors="0" timestamp="2021-12-08T00:50:09 IST">
  <testcase classname="caal.CalcuTestng" name="Open" time="45.214"/>
  <testcase classname="caal.CalcuTestng" name="Geturl" time="2.645"/>
  <testcase classname="caal.CalcuTestng" name="Multiplication" time="4.652"/>
  <testcase classname="caal.CalcuTestng" name="Division" time="4.558"/>
  <testcase classname="caal.CalcuTestng" name="Addition" time="4.998"/>
  <testcase classname="caal.CalcuTestng" name="Subtraction" time="6.031"/>
</testsuite> <!-- Default test -->
