<?xml version="1.0" encoding="UTF-8"?>
<testng-results ignored="0" total="6" passed="6" failed="0" skipped="0">
  <reporter-output>
  </reporter-output>
  <suite started-at="2021-12-08T00:49:01 IST" name="Default suite" finished-at="2021-12-08T00:50:09 IST" duration-ms="68571">
    <groups>
    </groups>
    <test started-at="2021-12-08T00:49:01 IST" name="Default test" finished-at="2021-12-08T00:50:09 IST" duration-ms="68571">
      <class name="caal.CalcuTestng">
        <test-method signature="Open()[pri:1, instance:caal.CalcuTestng@7eb01b12]" started-at="2021-12-08T00:49:01 IST" name="Open" finished-at="2021-12-08T00:49:46 IST" duration-ms="45214" status="PASS">
          <reporter-output>
          </reporter-output>
        </test-method> <!-- Open -->
        <test-method signature="Geturl()[pri:2, instance:caal.CalcuTestng@7eb01b12]" started-at="2021-12-08T00:49:46 IST" name="Geturl" finished-at="2021-12-08T00:49:49 IST" duration-ms="2645" status="PASS">
          <reporter-output>
          </reporter-output>
        </test-method> <!-- Geturl -->
        <test-method signature="Multiplication()[pri:3, instance:caal.CalcuTestng@7eb01b12]" started-at="2021-12-08T00:49:49 IST" name="Multiplication" finished-at="2021-12-08T00:49:54 IST" duration-ms="4652" status="PASS">
          <reporter-output>
          </reporter-output>
        </test-method> <!-- Multiplication -->
        <test-method signature="Division()[pri:4, instance:caal.CalcuTestng@7eb01b12]" started-at="2021-12-08T00:49:54 IST" name="Division" finished-at="2021-12-08T00:49:58 IST" duration-ms="4558" status="PASS">
          <reporter-output>
          </reporter-output>
        </test-method> <!-- Division -->
        <test-method signature="Addition()[pri:5, instance:caal.CalcuTestng@7eb01b12]" started-at="2021-12-08T00:49:58 IST" name="Addition" finished-at="2021-12-08T00:50:03 IST" duration-ms="4998" status="PASS">
          <reporter-output>
          </reporter-output>
        </test-method> <!-- Addition -->
        <test-method signature="Subtraction()[pri:6, instance:caal.CalcuTestng@7eb01b12]" started-at="2021-12-08T00:50:03 IST" name="Subtraction" finished-at="2021-12-08T00:50:09 IST" duration-ms="6031" status="PASS">
          <reporter-output>
          </reporter-output>
        </test-method> <!-- Subtraction -->
      </class> <!-- caal.CalcuTestng -->
    </test> <!-- Default test -->
  </suite> <!-- Default suite -->
</testng-results>
