<?xml version="1.0" encoding="UTF-8"?>
<!-- Generated by org.testng.reporters.JUnitXMLReporter -->
<testsuite ignored="0" hostname="DESKTOP-175N5CK" failures="0" tests="6" name="Default test" time="26.95" errors="0" timestamp="2021-12-08T09:03:17 IST">
  <testcase classname="caal.CalcuTestng" name="Open" time="5.496"/>
  <testcase classname="caal.CalcuTestng" name="Geturl" time="2.075"/>
  <testcase classname="caal.CalcuTestng" name="Multiplication" time="4.523"/>
  <testcase classname="caal.CalcuTestng" name="Division" time="4.51"/>
  <testcase classname="caal.CalcuTestng" name="Addition" time="4.823"/>
  <testcase classname="caal.CalcuTestng" name="Subtraction" time="5.319"/>
</testsuite> <!-- Default test -->
